Build started 2015-01-30 18:24:17.
     1>Project "C:\Users\Mehrdad\Documents\Visual Studio 2013\Projects\DiceInvaders\DiceInvaders\DiceInvaders.vcxproj" on node 2 (Build target(s)).
     1>ClCompile:
         C:\Program Files\Microsoft Visual Studio 12.0\VC\bin\CL.exe /c /ZI /nologo /W3 /WX- /sdl /Od /Oy- /D _MBCS /Gm /EHsc /RTC1 /MDd /GS /fp:precise /Zc:wchar_t /Zc:forScope /Fo"Debug\\" /Fd"Debug\vc120.pdb" /Gd /TP /analyze- /errorReport:prompt Aliens.cpp DiceInvaders.cpp Game.cpp
         Aliens.cpp
         Generating Code...
         Skipping... (no relevant changes detected)
         Game.cpp
         DiceInvaders.cpp
       Link:
         C:\Program Files\Microsoft Visual Studio 12.0\VC\bin\link.exe /ERRORREPORT:PROMPT /OUT:"C:\Users\Mehrdad\Documents\Visual Studio 2013\Projects\DiceInvaders\Debug\DiceInvaders.exe" /INCREMENTAL /NOLOGO kernel32.lib user32.lib gdi32.lib winspool.lib comdlg32.lib advapi32.lib shell32.lib ole32.lib oleaut32.lib uuid.lib odbc32.lib odbccp32.lib /MANIFEST /MANIFESTUAC:"level='asInvoker' uiAccess='false'" /manifest:embed /DEBUG /PDB:"C:\Users\Mehrdad\Documents\Visual Studio 2013\Projects\DiceInvaders\Debug\DiceInvaders.pdb" /TLBID:1 /DYNAMICBASE /NXCOMPAT /IMPLIB:"C:\Users\Mehrdad\Documents\Visual Studio 2013\Projects\DiceInvaders\Debug\DiceInvaders.lib" /MACHINE:X86 Debug\Aliens.obj
         Debug\Bombs.obj
         Debug\DiceInvaders.obj
         Debug\Game.obj
         Debug\Player.obj
         Debug\Rockets.obj
         DiceInvaders.vcxproj -> C:\Users\Mehrdad\Documents\Visual Studio 2013\Projects\DiceInvaders\Debug\DiceInvaders.exe
     1>Done Building Project "C:\Users\Mehrdad\Documents\Visual Studio 2013\Projects\DiceInvaders\DiceInvaders\DiceInvaders.vcxproj" (Build target(s)).

Build succeeded.

Time Elapsed 00:00:02.06
